Using pre-set license
Built from '2020.3/staging' branch; Version is '2020.3.18f1 (a7d1c678663c) revision 10998214'; Using compiler version '192528614'; Build Type 'Release'
OS: 'Windows 10 Pro; OS build 19041.867; Version 2004; 64bit' Language: 'en' Physical Memory: 8015 MB
BatchMode: 1, IsHumanControllingUs: 0, StartBugReporterOnCrash: 0, Is64bit: 1, IsPro: 0

COMMAND LINE ARGUMENTS:
C:\Program Files\Unity\Hub\Editor\2020.3.18f1\Editor\Unity.exe
-adb2
-batchMode
-noUpm
-name
AssetImportWorker6
-projectPath
C:/Users/SYAH RIZAL FAUZY/Documents/GAMEPLAY
-logFile
Logs/AssetImportWorker6.log
-srvPort
61034
Successfully changed project path to: C:/Users/SYAH RIZAL FAUZY/Documents/GAMEPLAY
C:/Users/SYAH RIZAL FAUZY/Documents/GAMEPLAY
Using Asset Import Pipeline V2.
